{"total": {"lines":{"total":700,"covered":689,"skipped":0,"pct":98.42},"statements":{"total":700,"covered":689,"skipped":0,"pct":98.42},"functions":{"total":44,"covered":41,"skipped":0,"pct":93.18},"branches":{"total":53,"covered":51,"skipped":0,"pct":96.22},"branchesTrue":{"total":0,"covered":0,"skipped":0,"pct":100}}
,"/Users/jonathanhodak/Documents/GitHub/pixelperfect/app/components/atoms/hyperlink/hyperlink.tsx": {"lines":{"total":44,"covered":44,"skipped":0,"pct":100},"functions":{"total":1,"covered":1,"skipped":0,"pct":100},"statements":{"total":44,"covered":44,"skipped":0,"pct":100},"branches":{"total":5,"covered":5,"skipped":0,"pct":100}}
,"/Users/jonathanhodak/Documents/GitHub/pixelperfect/app/components/atoms/hyperlink/index.ts": {"lines":{"total":3,"covered":3,"skipped":0,"pct":100},"functions":{"total":0,"covered":0,"skipped":0,"pct":100},"statements":{"total":3,"covered":3,"skipped":0,"pct":100},"branches":{"total":0,"covered":0,"skipped":0,"pct":100}}
,"/Users/jonathanhodak/Documents/GitHub/pixelperfect/app/components/molecules/cart/cart.tsx": {"lines":{"total":76,"covered":76,"skipped":0,"pct":100},"functions":{"total":3,"covered":3,"skipped":0,"pct":100},"statements":{"total":76,"covered":76,"skipped":0,"pct":100},"branches":{"total":0,"covered":0,"skipped":0,"pct":100}}
,"/Users/jonathanhodak/Documents/GitHub/pixelperfect/app/components/molecules/cart/index.ts": {"lines":{"total":3,"covered":3,"skipped":0,"pct":100},"functions":{"total":0,"covered":0,"skipped":0,"pct":100},"statements":{"total":3,"covered":3,"skipped":0,"pct":100},"branches":{"total":0,"covered":0,"skipped":0,"pct":100}}
,"/Users/jonathanhodak/Documents/GitHub/pixelperfect/app/components/molecules/footer/footer.tsx": {"lines":{"total":30,"covered":30,"skipped":0,"pct":100},"functions":{"total":3,"covered":3,"skipped":0,"pct":100},"statements":{"total":30,"covered":30,"skipped":0,"pct":100},"branches":{"total":1,"covered":1,"skipped":0,"pct":100}}
,"/Users/jonathanhodak/Documents/GitHub/pixelperfect/app/components/molecules/header/header.tsx": {"lines":{"total":142,"covered":142,"skipped":0,"pct":100},"functions":{"total":8,"covered":8,"skipped":0,"pct":100},"statements":{"total":142,"covered":142,"skipped":0,"pct":100},"branches":{"total":9,"covered":9,"skipped":0,"pct":100}}
,"/Users/jonathanhodak/Documents/GitHub/pixelperfect/app/components/molecules/productgrid/index.ts": {"lines":{"total":3,"covered":3,"skipped":0,"pct":100},"functions":{"total":0,"covered":0,"skipped":0,"pct":100},"statements":{"total":3,"covered":3,"skipped":0,"pct":100},"branches":{"total":0,"covered":0,"skipped":0,"pct":100}}
,"/Users/jonathanhodak/Documents/GitHub/pixelperfect/app/components/molecules/productgrid/productgrid.tsx": {"lines":{"total":146,"covered":146,"skipped":0,"pct":100},"functions":{"total":8,"covered":8,"skipped":0,"pct":100},"statements":{"total":146,"covered":146,"skipped":0,"pct":100},"branches":{"total":6,"covered":6,"skipped":0,"pct":100}}
,"/Users/jonathanhodak/Documents/GitHub/pixelperfect/app/components/molecules/productslider/productslider.tsx": {"lines":{"total":124,"covered":124,"skipped":0,"pct":100},"functions":{"total":6,"covered":6,"skipped":0,"pct":100},"statements":{"total":124,"covered":124,"skipped":0,"pct":100},"branches":{"total":7,"covered":7,"skipped":0,"pct":100}}
,"/Users/jonathanhodak/Documents/GitHub/pixelperfect/app/context/cart.tsx": {"lines":{"total":96,"covered":85,"skipped":0,"pct":88.54},"functions":{"total":9,"covered":6,"skipped":0,"pct":66.66},"statements":{"total":96,"covered":85,"skipped":0,"pct":88.54},"branches":{"total":16,"covered":14,"skipped":0,"pct":87.5}}
,"/Users/jonathanhodak/Documents/GitHub/pixelperfect/app/utils/environment.server.ts": {"lines":{"total":19,"covered":19,"skipped":0,"pct":100},"functions":{"total":2,"covered":2,"skipped":0,"pct":100},"statements":{"total":19,"covered":19,"skipped":0,"pct":100},"branches":{"total":2,"covered":2,"skipped":0,"pct":100}}
,"/Users/jonathanhodak/Documents/GitHub/pixelperfect/app/utils/utils.ts": {"lines":{"total":14,"covered":14,"skipped":0,"pct":100},"functions":{"total":4,"covered":4,"skipped":0,"pct":100},"statements":{"total":14,"covered":14,"skipped":0,"pct":100},"branches":{"total":7,"covered":7,"skipped":0,"pct":100}}
}
